<?xml version="1.0" encoding="UTF-8"?>
<!-- Generated by org.testng.reporters.JUnitXMLReporter -->
<testsuite hostname="LAPTOP-V0V7TOLB" ignored="0" name="AddOtherCharge" tests="4" failures="0" timestamp="30 四月 2020 14:54:10 GMT" time="2.525" errors="0">
  <testcase name="OtherCharge" time="0.936" classname="Cases.AddOtherCharge"/>
  <testcase name="OtherCharge" time="0.933" classname="Cases.AddOtherCharge"/>
  <testcase name="OtherCharge" time="0.297" classname="Cases.AddOtherCharge"/>
  <testcase name="OtherCharge" time="0.358" classname="Cases.AddOtherCharge"/>
</testsuite> <!-- AddOtherCharge -->
