<?xml version="1.0" encoding="UTF-8"?>
<!-- Generated by org.testng.reporters.JUnitXMLReporter -->
<testsuite hostname="LAPTOP-V0V7TOLB" ignored="0" name="register" tests="7" failures="0" timestamp="30 四月 2020 14:54:07 GMT" time="2.228" errors="0">
  <testcase name="Login" time="1.236" classname="Cases.Login"/>
  <testcase name="Login" time="0.078" classname="Cases.Login"/>
  <testcase name="Login" time="0.047" classname="Cases.Login"/>
  <testcase name="Login" time="0.063" classname="Cases.Login"/>
  <testcase name="Login" time="0.062" classname="Cases.Login"/>
  <testcase name="Login" time="0.063" classname="Cases.Login"/>
  <testcase name="Login" time="0.062" classname="Cases.Login"/>
</testsuite> <!-- register -->
